c:\cppcli-tutorial\doc\ch6\src\6-3\project1\debug\vc120.pdb
c:\cppcli-tutorial\doc\ch6\src\6-3\project1\debug\subform.obj
c:\cppcli-tutorial\doc\ch6\src\6-3\project1\debug\myform.obj
c:\cppcli-tutorial\doc\ch6\src\6-3\project1\debug\main.obj
c:\cppcli-tutorial\doc\ch6\src\6-3\project1\debug\logger.obj
c:\cppcli-tutorial\doc\ch6\src\6-3\project1\debug\.netframework,version=v4.5.assemblyattributes.obj
c:\cppcli-tutorial\doc\ch6\src\6-3\debug\project1.exe
c:\cppcli-tutorial\doc\ch6\src\6-3\debug\project1.pdb
c:\cppcli-tutorial\doc\ch6\src\6-3\project1\debug\project1.myform.resources
c:\cppcli-tutorial\doc\ch6\src\6-3\project1\debug\project1.subform.resources
c:\cppcli-tutorial\doc\ch6\src\6-3\project1\debug\project1.vcxproj.generateresource.cache
c:\cppcli-tutorial\doc\ch6\src\6-3\project1\debug\project1.vcxprojresolveassemblyreference.cache
c:\cppcli-tutorial\doc\ch6\src\6-3\project1\debug\project1.tlog\cl.command.1.tlog
c:\cppcli-tutorial\doc\ch6\src\6-3\project1\debug\project1.tlog\cl.read.1.tlog
c:\cppcli-tutorial\doc\ch6\src\6-3\project1\debug\project1.tlog\cl.write.1.tlog
c:\cppcli-tutorial\doc\ch6\src\6-3\project1\debug\project1.tlog\link.command.1.tlog
c:\cppcli-tutorial\doc\ch6\src\6-3\project1\debug\project1.tlog\link.read.1.tlog
c:\cppcli-tutorial\doc\ch6\src\6-3\project1\debug\project1.tlog\link.write.1.tlog
c:\cppcli-tutorial\doc\ch6\src\6-3\project1\debug\project1.tlog\metagen.read.1.tlog
c:\cppcli-tutorial\doc\ch6\src\6-3\project1\debug\project1.tlog\metagen.write.1.tlog
c:\cppcli-tutorial\doc\ch6\src\6-3\project1\debug\project1.tlog\project1.write.1u.tlog
c:\cppcli-tutorial\doc\ch6\src\6-3\project1\debug\project1.tlog\rsaenh.dll.bi
c:\cppcli-tutorial\doc\ch6\src\6-3\project1\debug\project1.tlog\tzres.dll.bi
