c:\users\justin126\documents\cppcli-tutorial\doc\ch8\src\8-2\project1\debug\vc120.pdb
c:\users\justin126\documents\cppcli-tutorial\doc\ch8\src\8-2\project1\debug\subform.obj
c:\users\justin126\documents\cppcli-tutorial\doc\ch8\src\8-2\project1\debug\mycontrol.obj
c:\users\justin126\documents\cppcli-tutorial\doc\ch8\src\8-2\project1\debug\main.obj
c:\users\justin126\documents\cppcli-tutorial\doc\ch8\src\8-2\project1\debug\logger.obj
c:\users\justin126\documents\cppcli-tutorial\doc\ch8\src\8-2\project1\debug\.netframework,version=v4.5.assemblyattributes.obj
c:\users\justin126\documents\cppcli-tutorial\doc\ch8\src\8-2\project1\debug\myform.obj
c:\users\justin126\documents\cppcli-tutorial\doc\ch8\src\8-2\debug\project1.exe
c:\users\justin126\documents\cppcli-tutorial\doc\ch8\src\8-2\debug\project1.pdb
c:\users\justin126\documents\cppcli-tutorial\doc\ch8\src\8-2\project1\debug\project1.tlog\metagen.write.1.tlog
c:\users\justin126\documents\cppcli-tutorial\doc\ch8\src\8-2\debug\newtonsoft.json.dll
c:\users\justin126\documents\cppcli-tutorial\doc\ch8\src\8-2\debug\newtonsoft.json.pdb
c:\users\justin126\documents\cppcli-tutorial\doc\ch8\src\8-2\debug\newtonsoft.json.xml
c:\users\justin126\documents\cppcli-tutorial\doc\ch8\src\8-2\project1\debug\project1.mycontrol.resources
c:\users\justin126\documents\cppcli-tutorial\doc\ch8\src\8-2\project1\debug\project1.myform.resources
c:\users\justin126\documents\cppcli-tutorial\doc\ch8\src\8-2\project1\debug\project1.subform.resources
c:\users\justin126\documents\cppcli-tutorial\doc\ch8\src\8-2\project1\debug\project1.vcxproj.generateresource.cache
c:\users\justin126\documents\cppcli-tutorial\doc\ch8\src\8-2\project1\debug\project1.vcxprojresolveassemblyreference.cache
c:\users\justin126\documents\cppcli-tutorial\doc\ch8\src\8-2\project1\debug\project1.tlog\cl.command.1.tlog
c:\users\justin126\documents\cppcli-tutorial\doc\ch8\src\8-2\project1\debug\project1.tlog\cl.read.1.tlog
c:\users\justin126\documents\cppcli-tutorial\doc\ch8\src\8-2\project1\debug\project1.tlog\cl.write.1.tlog
c:\users\justin126\documents\cppcli-tutorial\doc\ch8\src\8-2\project1\debug\project1.tlog\link.command.1.tlog
c:\users\justin126\documents\cppcli-tutorial\doc\ch8\src\8-2\project1\debug\project1.tlog\link.read.1.tlog
c:\users\justin126\documents\cppcli-tutorial\doc\ch8\src\8-2\project1\debug\project1.tlog\link.write.1.tlog
c:\users\justin126\documents\cppcli-tutorial\doc\ch8\src\8-2\project1\debug\project1.tlog\metagen.read.1.tlog
c:\users\justin126\documents\cppcli-tutorial\doc\ch8\src\8-2\project1\debug\project1.tlog\project1.write.1u.tlog
c:\users\justin126\documents\cppcli-tutorial\doc\ch8\src\8-2\project1\debug\project1.tlog\newtonsoft.json.dll.metagen
c:\users\justin126\documents\cppcli-tutorial\doc\ch8\src\8-2\project1\debug\project1.tlog\rsaenh.dll.bi
c:\users\justin126\documents\cppcli-tutorial\doc\ch8\src\8-2\project1\debug\project1.tlog\tzres.dll.bi
