e:\cppcli-tutorial\doc\ch5\src\5-1\project1\debug\vc120.pdb
e:\cppcli-tutorial\doc\ch5\src\5-1\project1\debug\myform.obj
e:\cppcli-tutorial\doc\ch5\src\5-1\project1\debug\main.obj
e:\cppcli-tutorial\doc\ch5\src\5-1\project1\debug\logger.obj
e:\cppcli-tutorial\doc\ch5\src\5-1\project1\debug\.netframework,version=v4.5.assemblyattributes.obj
e:\cppcli-tutorial\doc\ch5\src\5-1\debug\project1.exe
e:\cppcli-tutorial\doc\ch5\src\5-1\debug\project1.pdb
e:\cppcli-tutorial\doc\ch5\src\5-1\project1\debug\project1.myform.resources
e:\cppcli-tutorial\doc\ch5\src\5-1\project1\debug\project1.vcxproj.generateresource.cache
e:\cppcli-tutorial\doc\ch5\src\5-1\project1\debug\project1.vcxprojresolveassemblyreference.cache
e:\cppcli-tutorial\doc\ch5\src\5-1\project1\debug\project1.tlog\cl.command.1.tlog
e:\cppcli-tutorial\doc\ch5\src\5-1\project1\debug\project1.tlog\cl.read.1.tlog
e:\cppcli-tutorial\doc\ch5\src\5-1\project1\debug\project1.tlog\cl.write.1.tlog
e:\cppcli-tutorial\doc\ch5\src\5-1\project1\debug\project1.tlog\link.command.1.tlog
e:\cppcli-tutorial\doc\ch5\src\5-1\project1\debug\project1.tlog\link.read.1.tlog
e:\cppcli-tutorial\doc\ch5\src\5-1\project1\debug\project1.tlog\link.write.1.tlog
e:\cppcli-tutorial\doc\ch5\src\5-1\project1\debug\project1.tlog\metagen.read.1.tlog
e:\cppcli-tutorial\doc\ch5\src\5-1\project1\debug\project1.tlog\metagen.write.1.tlog
e:\cppcli-tutorial\doc\ch5\src\5-1\project1\debug\project1.tlog\project1.write.1u.tlog
e:\cppcli-tutorial\doc\ch5\src\5-1\project1\debug\project1.tlog\tzres.dll.bi
